1739023340.839996 client started (41273): version 3.5a, socket /private/tmp/tmux-502/default, protocol 8
1739023340.840085 on Darwin 24.0.0 Darwin Kernel Version 24.0.0: Mon Aug 12 20:49:48 PDT 2024; root:xnu-11215.1.10~2/RELEASE_ARM64_T8103
1739023340.840106 using libevent 2.1.12-stable select
1739023340.840363 using utf8proc 2.10.0
1739023340.840395 using ncurses 6.5 20240427
1739023340.840445 flags are 0x10010000
1739023340.840463 socket is /private/tmp/tmux-502/default
1739023340.840486 trying connect
1739023340.840578 add peer 0x140008000: 6 (0x0)
1739023340.845813 sending message 111 to peer 0x140008000 (8 bytes)
1739023340.845866 sending message 111 to peer 0x140008000 (8 bytes)
1739023340.845886 sending message 101 to peer 0x140008000 (14 bytes)
1739023340.845899 sending message 109 to peer 0x140008000 (4 bytes)
1739023340.845911 sending message 102 to peer 0x140008000 (13 bytes)
1739023340.845924 sending message 108 to peer 0x140008000 (26 bytes)
1739023340.845935 sending message 112 to peer 0x140008000 (70 bytes)
1739023340.845947 sending message 112 to peer 0x140008000 (5 bytes)
1739023340.845959 sending message 112 to peer 0x140008000 (5 bytes)
1739023340.845971 sending message 112 to peer 0x140008000 (6 bytes)
1739023340.845982 sending message 112 to peer 0x140008000 (6 bytes)
1739023340.845993 sending message 112 to peer 0x140008000 (11 bytes)
1739023340.846004 sending message 112 to peer 0x140008000 (10 bytes)
1739023340.846014 sending message 112 to peer 0x140008000 (13 bytes)
1739023340.846025 sending message 112 to peer 0x140008000 (14 bytes)
1739023340.846036 sending message 112 to peer 0x140008000 (9 bytes)
1739023340.846047 sending message 112 to peer 0x140008000 (21 bytes)
1739023340.846058 sending message 112 to peer 0x140008000 (19 bytes)
1739023340.846069 sending message 112 to peer 0x140008000 (11 bytes)
1739023340.846080 sending message 112 to peer 0x140008000 (21 bytes)
1739023340.846090 sending message 112 to peer 0x140008000 (13 bytes)
1739023340.846101 sending message 112 to peer 0x140008000 (7 bytes)
1739023340.846112 sending message 112 to peer 0x140008000 (13 bytes)
1739023340.846122 sending message 112 to peer 0x140008000 (7 bytes)
1739023340.846133 sending message 112 to peer 0x140008000 (13 bytes)
1739023340.846144 sending message 112 to peer 0x140008000 (9 bytes)
1739023340.846154 sending message 112 to peer 0x140008000 (21 bytes)
1739023340.846165 sending message 112 to peer 0x140008000 (13 bytes)
1739023340.846176 sending message 112 to peer 0x140008000 (9 bytes)
1739023340.846186 sending message 112 to peer 0x140008000 (16 bytes)
1739023340.846197 sending message 112 to peer 0x140008000 (13 bytes)
1739023340.846208 sending message 112 to peer 0x140008000 (9 bytes)
1739023340.846218 sending message 112 to peer 0x140008000 (9 bytes)
1739023340.846229 sending message 112 to peer 0x140008000 (12 bytes)
1739023340.846240 sending message 112 to peer 0x140008000 (8 bytes)
1739023340.846250 sending message 112 to peer 0x140008000 (12 bytes)
1739023340.846261 sending message 112 to peer 0x140008000 (8 bytes)
1739023340.846272 sending message 112 to peer 0x140008000 (13 bytes)
1739023340.846282 sending message 112 to peer 0x140008000 (7 bytes)
1739023340.846293 sending message 112 to peer 0x140008000 (7 bytes)
1739023340.846304 sending message 112 to peer 0x140008000 (9 bytes)
1739023340.846314 sending message 112 to peer 0x140008000 (12 bytes)
1739023340.846325 sending message 112 to peer 0x140008000 (6 bytes)
1739023340.846336 sending message 112 to peer 0x140008000 (9 bytes)
1739023340.846346 sending message 112 to peer 0x140008000 (15 bytes)
1739023340.846357 sending message 112 to peer 0x140008000 (13 bytes)
1739023340.846368 sending message 112 to peer 0x140008000 (9 bytes)
1739023340.846379 sending message 112 to peer 0x140008000 (12 bytes)
1739023340.846389 sending message 112 to peer 0x140008000 (8 bytes)
1739023340.846400 sending message 112 to peer 0x140008000 (14 bytes)
1739023340.846411 sending message 112 to peer 0x140008000 (11 bytes)
1739023340.846421 sending message 112 to peer 0x140008000 (9 bytes)
1739023340.846451 sending message 112 to peer 0x140008000 (10 bytes)
1739023340.846459 sending message 112 to peer 0x140008000 (10 bytes)
1739023340.846467 sending message 112 to peer 0x140008000 (10 bytes)
1739023340.846475 sending message 112 to peer 0x140008000 (10 bytes)
1739023340.846483 sending message 112 to peer 0x140008000 (11 bytes)
1739023340.846491 sending message 112 to peer 0x140008000 (12 bytes)
1739023340.846498 sending message 112 to peer 0x140008000 (12 bytes)
1739023340.846506 sending message 112 to peer 0x140008000 (12 bytes)
1739023340.846514 sending message 112 to peer 0x140008000 (12 bytes)
1739023340.846521 sending message 112 to peer 0x140008000 (12 bytes)
1739023340.846529 sending message 112 to peer 0x140008000 (11 bytes)
1739023340.846537 sending message 112 to peer 0x140008000 (11 bytes)
1739023340.846544 sending message 112 to peer 0x140008000 (12 bytes)
1739023340.846552 sending message 112 to peer 0x140008000 (12 bytes)
1739023340.846560 sending message 112 to peer 0x140008000 (12 bytes)
1739023340.846568 sending message 112 to peer 0x140008000 (12 bytes)
1739023340.846575 sending message 112 to peer 0x140008000 (12 bytes)
1739023340.846583 sending message 112 to peer 0x140008000 (9 bytes)
1739023340.846590 sending message 112 to peer 0x140008000 (12 bytes)
1739023340.846598 sending message 112 to peer 0x140008000 (13 bytes)
1739023340.846605 sending message 112 to peer 0x140008000 (13 bytes)
1739023340.846613 sending message 112 to peer 0x140008000 (13 bytes)
1739023340.846621 sending message 112 to peer 0x140008000 (13 bytes)
1739023340.846628 sending message 112 to peer 0x140008000 (13 bytes)
1739023340.846636 sending message 112 to peer 0x140008000 (8 bytes)
1739023340.846643 sending message 112 to peer 0x140008000 (11 bytes)
1739023340.846651 sending message 112 to peer 0x140008000 (11 bytes)
1739023340.846658 sending message 112 to peer 0x140008000 (11 bytes)
1739023340.846666 sending message 112 to peer 0x140008000 (12 bytes)
1739023340.846673 sending message 112 to peer 0x140008000 (12 bytes)
1739023340.846681 sending message 112 to peer 0x140008000 (12 bytes)
1739023340.846688 sending message 112 to peer 0x140008000 (12 bytes)
1739023340.846696 sending message 112 to peer 0x140008000 (13 bytes)
1739023340.846704 sending message 112 to peer 0x140008000 (13 bytes)
1739023340.846711 sending message 112 to peer 0x140008000 (13 bytes)
1739023340.846719 sending message 112 to peer 0x140008000 (8 bytes)
1739023340.846726 sending message 112 to peer 0x140008000 (13 bytes)
1739023340.846734 sending message 112 to peer 0x140008000 (13 bytes)
1739023340.846742 sending message 112 to peer 0x140008000 (13 bytes)
1739023340.846749 sending message 112 to peer 0x140008000 (13 bytes)
1739023340.846757 sending message 112 to peer 0x140008000 (13 bytes)
1739023340.846764 sending message 112 to peer 0x140008000 (12 bytes)
1739023340.846772 sending message 112 to peer 0x140008000 (12 bytes)
1739023340.846779 sending message 112 to peer 0x140008000 (12 bytes)
1739023340.846787 sending message 112 to peer 0x140008000 (12 bytes)
1739023340.846794 sending message 112 to peer 0x140008000 (13 bytes)
1739023340.846802 sending message 112 to peer 0x140008000 (8 bytes)
1739023340.846809 sending message 112 to peer 0x140008000 (13 bytes)
1739023340.846817 sending message 112 to peer 0x140008000 (13 bytes)
1739023340.846824 sending message 112 to peer 0x140008000 (13 bytes)
1739023340.846832 sending message 112 to peer 0x140008000 (13 bytes)
1739023340.846840 sending message 112 to peer 0x140008000 (13 bytes)
1739023340.846847 sending message 112 to peer 0x140008000 (13 bytes)
1739023340.846855 sending message 112 to peer 0x140008000 (13 bytes)
1739023340.846862 sending message 112 to peer 0x140008000 (12 bytes)
1739023340.846870 sending message 112 to peer 0x140008000 (12 bytes)
1739023340.846877 sending message 112 to peer 0x140008000 (12 bytes)
1739023340.846885 sending message 112 to peer 0x140008000 (8 bytes)
1739023340.846893 sending message 112 to peer 0x140008000 (12 bytes)
1739023340.846900 sending message 112 to peer 0x140008000 (13 bytes)
1739023340.846922 sending message 112 to peer 0x140008000 (13 bytes)
1739023340.846930 sending message 112 to peer 0x140008000 (13 bytes)
1739023340.846938 sending message 112 to peer 0x140008000 (13 bytes)
1739023340.846946 sending message 112 to peer 0x140008000 (13 bytes)
1739023340.846954 sending message 112 to peer 0x140008000 (13 bytes)
1739023340.846961 sending message 112 to peer 0x140008000 (13 bytes)
1739023340.846969 sending message 112 to peer 0x140008000 (13 bytes)
1739023340.846976 sending message 112 to peer 0x140008000 (12 bytes)
1739023340.846984 sending message 112 to peer 0x140008000 (10 bytes)
1739023340.846992 sending message 112 to peer 0x140008000 (12 bytes)
1739023340.846999 sending message 112 to peer 0x140008000 (12 bytes)
1739023340.847007 sending message 112 to peer 0x140008000 (12 bytes)
1739023340.847014 sending message 112 to peer 0x140008000 (13 bytes)
1739023340.847022 sending message 112 to peer 0x140008000 (13 bytes)
1739023340.847029 sending message 112 to peer 0x140008000 (13 bytes)
1739023340.847037 sending message 112 to peer 0x140008000 (13 bytes)
1739023340.847045 sending message 112 to peer 0x140008000 (13 bytes)
1739023340.847052 sending message 112 to peer 0x140008000 (13 bytes)
1739023340.847060 sending message 112 to peer 0x140008000 (13 bytes)
1739023340.847067 sending message 112 to peer 0x140008000 (10 bytes)
1739023340.847075 sending message 112 to peer 0x140008000 (13 bytes)
1739023340.847083 sending message 112 to peer 0x140008000 (12 bytes)
1739023340.847090 sending message 112 to peer 0x140008000 (12 bytes)
1739023340.847098 sending message 112 to peer 0x140008000 (12 bytes)
1739023340.847105 sending message 112 to peer 0x140008000 (10 bytes)
1739023340.847113 sending message 112 to peer 0x140008000 (10 bytes)
1739023340.847121 sending message 112 to peer 0x140008000 (10 bytes)
1739023340.847128 sending message 112 to peer 0x140008000 (12 bytes)
1739023340.847136 sending message 112 to peer 0x140008000 (13 bytes)
1739023340.847143 sending message 112 to peer 0x140008000 (13 bytes)
1739023340.847151 sending message 112 to peer 0x140008000 (13 bytes)
1739023340.847159 sending message 112 to peer 0x140008000 (13 bytes)
1739023340.847166 sending message 112 to peer 0x140008000 (13 bytes)
1739023340.847174 sending message 112 to peer 0x140008000 (10 bytes)
1739023340.847181 sending message 112 to peer 0x140008000 (11 bytes)
1739023340.847189 sending message 112 to peer 0x140008000 (12 bytes)
1739023340.847196 sending message 112 to peer 0x140008000 (12 bytes)
1739023340.847204 sending message 112 to peer 0x140008000 (12 bytes)
1739023340.847212 sending message 112 to peer 0x140008000 (12 bytes)
1739023340.847219 sending message 112 to peer 0x140008000 (12 bytes)
1739023340.847227 sending message 112 to peer 0x140008000 (11 bytes)
1739023340.847234 sending message 112 to peer 0x140008000 (12 bytes)
1739023340.847242 sending message 112 to peer 0x140008000 (12 bytes)
1739023340.847249 sending message 112 to peer 0x140008000 (13 bytes)
1739023340.847257 sending message 112 to peer 0x140008000 (13 bytes)
1739023340.847264 sending message 112 to peer 0x140008000 (13 bytes)
1739023340.847272 sending message 112 to peer 0x140008000 (13 bytes)
1739023340.847280 sending message 112 to peer 0x140008000 (13 bytes)
1739023340.847287 sending message 112 to peer 0x140008000 (10 bytes)
1739023340.847295 sending message 112 to peer 0x140008000 (9 bytes)
1739023340.847302 sending message 112 to peer 0x140008000 (12 bytes)
1739023340.847310 sending message 112 to peer 0x140008000 (13 bytes)
1739023340.847317 sending message 112 to peer 0x140008000 (13 bytes)
1739023340.847325 sending message 112 to peer 0x140008000 (13 bytes)
1739023340.847332 sending message 112 to peer 0x140008000 (13 bytes)
1739023340.847340 sending message 112 to peer 0x140008000 (13 bytes)
1739023340.847347 sending message 112 to peer 0x140008000 (9 bytes)
1739023340.847355 sending message 112 to peer 0x140008000 (12 bytes)
1739023340.847363 sending message 112 to peer 0x140008000 (13 bytes)
1739023340.847382 sending message 112 to peer 0x140008000 (13 bytes)
1739023340.847390 sending message 112 to peer 0x140008000 (13 bytes)
1739023340.847397 sending message 112 to peer 0x140008000 (13 bytes)
1739023340.847405 sending message 112 to peer 0x140008000 (13 bytes)
1739023340.847413 sending message 112 to peer 0x140008000 (11 bytes)
1739023340.847420 sending message 112 to peer 0x140008000 (12 bytes)
1739023340.847428 sending message 112 to peer 0x140008000 (13 bytes)
1739023340.847436 sending message 112 to peer 0x140008000 (13 bytes)
1739023340.847443 sending message 112 to peer 0x140008000 (13 bytes)
1739023340.847451 sending message 112 to peer 0x140008000 (13 bytes)
1739023340.847459 sending message 112 to peer 0x140008000 (13 bytes)
1739023340.847466 sending message 112 to peer 0x140008000 (11 bytes)
1739023340.847474 sending message 112 to peer 0x140008000 (12 bytes)
1739023340.847481 sending message 112 to peer 0x140008000 (12 bytes)
1739023340.847489 sending message 112 to peer 0x140008000 (12 bytes)
1739023340.847496 sending message 112 to peer 0x140008000 (12 bytes)
1739023340.847504 sending message 112 to peer 0x140008000 (12 bytes)
1739023340.847512 sending message 112 to peer 0x140008000 (21 bytes)
1739023340.847519 sending message 112 to peer 0x140008000 (12 bytes)
1739023340.847527 sending message 112 to peer 0x140008000 (9 bytes)
1739023340.847535 sending message 112 to peer 0x140008000 (6 bytes)
1739023340.847542 sending message 112 to peer 0x140008000 (13 bytes)
1739023340.847550 sending message 112 to peer 0x140008000 (10 bytes)
1739023340.847558 sending message 112 to peer 0x140008000 (15 bytes)
1739023340.847565 sending message 112 to peer 0x140008000 (13 bytes)
1739023340.847573 sending message 112 to peer 0x140008000 (9 bytes)
1739023340.847581 sending message 112 to peer 0x140008000 (70 bytes)
1739023340.847589 sending message 112 to peer 0x140008000 (69 bytes)
1739023340.847597 sending message 112 to peer 0x140008000 (34 bytes)
1739023340.847604 sending message 112 to peer 0x140008000 (34 bytes)
1739023340.847612 sending message 112 to peer 0x140008000 (70 bytes)
1739023340.847620 sending message 112 to peer 0x140008000 (12 bytes)
1739023340.847627 sending message 112 to peer 0x140008000 (10 bytes)
1739023340.847635 sending message 112 to peer 0x140008000 (10 bytes)
1739023340.847642 sending message 112 to peer 0x140008000 (15 bytes)
1739023340.847650 sending message 112 to peer 0x140008000 (13 bytes)
1739023340.847658 sending message 112 to peer 0x140008000 (10 bytes)
1739023340.847665 sending message 112 to peer 0x140008000 (10 bytes)
1739023340.847673 sending message 112 to peer 0x140008000 (17 bytes)
1739023340.847680 sending message 112 to peer 0x140008000 (10 bytes)
1739023340.847688 sending message 112 to peer 0x140008000 (13 bytes)
1739023340.847696 sending message 112 to peer 0x140008000 (32 bytes)
1739023340.847704 sending message 112 to peer 0x140008000 (5 bytes)
1739023340.847711 sending message 112 to peer 0x140008000 (9 bytes)
1739023340.847719 sending message 112 to peer 0x140008000 (15 bytes)
1739023340.847726 sending message 112 to peer 0x140008000 (5 bytes)
1739023340.847750 sending message 104 to peer 0x140008000 (0 bytes)
1739023340.847759 sending message 110 to peer 0x140008000 (0 bytes)
1739023340.847767 sending message 107 to peer 0x140008000 (4 bytes)
1739023340.847775 sending message 105 to peer 0x140008000 (20 bytes)
1739023340.847783 sending message 105 to peer 0x140008000 (22 bytes)
1739023340.847791 sending message 105 to peer 0x140008000 (57 bytes)
1739023340.847799 sending message 105 to peer 0x140008000 (75 bytes)
1739023340.847807 sending message 105 to peer 0x140008000 (36 bytes)
1739023340.847815 sending message 105 to peer 0x140008000 (18 bytes)
1739023340.847822 sending message 105 to peer 0x140008000 (37 bytes)
1739023340.847830 sending message 105 to peer 0x140008000 (30 bytes)
1739023340.847838 sending message 105 to peer 0x140008000 (34 bytes)
1739023340.847845 sending message 105 to peer 0x140008000 (60 bytes)
1739023340.847868 sending message 105 to peer 0x140008000 (17 bytes)
1739023340.847876 sending message 105 to peer 0x140008000 (14 bytes)
1739023340.847884 sending message 105 to peer 0x140008000 (106 bytes)
1739023340.847892 sending message 105 to peer 0x140008000 (16 bytes)
1739023340.847900 sending message 105 to peer 0x140008000 (26 bytes)
1739023340.847907 sending message 105 to peer 0x140008000 (28 bytes)
1739023340.847915 sending message 105 to peer 0x140008000 (12 bytes)
1739023340.847923 sending message 105 to peer 0x140008000 (979 bytes)
1739023340.847931 sending message 105 to peer 0x140008000 (30 bytes)
1739023340.847940 sending message 105 to peer 0x140008000 (15 bytes)
1739023340.847947 sending message 105 to peer 0x140008000 (8 bytes)
1739023340.847955 sending message 105 to peer 0x140008000 (66 bytes)
1739023340.847963 sending message 105 to peer 0x140008000 (19 bytes)
1739023340.847970 sending message 105 to peer 0x140008000 (63 bytes)
1739023340.847978 sending message 105 to peer 0x140008000 (18 bytes)
1739023340.847986 sending message 105 to peer 0x140008000 (26 bytes)
1739023340.847994 sending message 105 to peer 0x140008000 (57 bytes)
1739023340.848001 sending message 105 to peer 0x140008000 (43 bytes)
1739023340.848009 sending message 105 to peer 0x140008000 (13 bytes)
1739023340.848017 sending message 105 to peer 0x140008000 (60 bytes)
1739023340.848029 sending message 105 to peer 0x140008000 (11 bytes)
1739023340.848037 sending message 105 to peer 0x140008000 (37 bytes)
1739023340.848045 sending message 105 to peer 0x140008000 (98 bytes)
1739023340.848053 sending message 105 to peer 0x140008000 (14 bytes)
1739023340.848060 sending message 105 to peer 0x140008000 (19 bytes)
1739023340.848068 sending message 105 to peer 0x140008000 (26 bytes)
1739023340.848076 sending message 105 to peer 0x140008000 (22 bytes)
1739023340.848083 sending message 105 to peer 0x140008000 (43 bytes)
1739023340.848091 sending message 105 to peer 0x140008000 (33 bytes)
1739023340.848099 sending message 105 to peer 0x140008000 (10 bytes)
1739023340.848106 sending message 105 to peer 0x140008000 (25 bytes)
1739023340.848114 sending message 106 to peer 0x140008000 (0 bytes)
1739023340.848228 sending message 200 to peer 0x140008000 (4 bytes)
1739023340.848240 client loop enter
1739023340.848714 peer 0x140008000 message 303
1739023340.848731 open write file 2 -
1739023340.848746 sending message 305 to peer 0x140008000 (8 bytes)
1739023340.848767 write check file 2
1739023340.848807 peer 0x140008000 message 304
1739023340.848814 write 58 to file 2
1739023340.848822 peer 0x140008000 message 203
1739023340.848829 file 2 58 bytes left
1739023340.848848 write check file 2
1739023340.848855 client loop exit
